2022-04-18 23:21:52,627 INFO    MainThread:300697 [internal.py:wandb_internal():92] W&B internal server running at pid: 300697, started at: 2022-04-18 23:21:52.626999
2022-04-18 23:21:52,629 INFO    WriterThread:300697 [datastore.py:open_for_write():77] open: /home/alexzuzow/Desktop/agar_multiagent/wandb/run-20220418_232152-2uv378mc/run-2uv378mc.wandb
2022-04-18 23:21:52,632 DEBUG   SenderThread:300697 [sender.py:send():235] send: header
2022-04-18 23:21:52,632 DEBUG   SenderThread:300697 [sender.py:send():235] send: run
2022-04-18 23:21:52,738 DEBUG   HandlerThread:300697 [handler.py:handle_request():141] handle_request: check_version
2022-04-18 23:21:52,738 INFO    SenderThread:300697 [dir_watcher.py:__init__():169] watching files in: /home/alexzuzow/Desktop/agar_multiagent/wandb/run-20220418_232152-2uv378mc/files
2022-04-18 23:21:52,738 INFO    SenderThread:300697 [sender.py:_start_run_threads():812] run started: 2uv378mc with start time 1650342112
2022-04-18 23:21:52,738 DEBUG   SenderThread:300697 [sender.py:send():235] send: summary
2022-04-18 23:21:52,739 INFO    SenderThread:300697 [sender.py:_save_file():947] saving file wandb-summary.json with policy end
2022-04-18 23:21:52,739 DEBUG   SenderThread:300697 [sender.py:send_request():249] send_request: check_version
2022-04-18 23:21:52,803 DEBUG   HandlerThread:300697 [handler.py:handle_request():141] handle_request: run_start
2022-04-18 23:21:52,806 DEBUG   HandlerThread:300697 [meta.py:__init__():37] meta init
2022-04-18 23:21:52,806 DEBUG   HandlerThread:300697 [meta.py:__init__():51] meta init done
2022-04-18 23:21:52,806 DEBUG   HandlerThread:300697 [meta.py:probe():211] probe
2022-04-18 23:21:52,812 DEBUG   HandlerThread:300697 [meta.py:_setup_git():201] setup git
2022-04-18 23:21:52,829 DEBUG   HandlerThread:300697 [meta.py:_setup_git():208] setup git done
2022-04-18 23:21:52,829 DEBUG   HandlerThread:300697 [meta.py:_save_pip():55] save pip
2022-04-18 23:21:52,830 DEBUG   HandlerThread:300697 [meta.py:_save_pip():69] save pip done
2022-04-18 23:21:52,830 DEBUG   HandlerThread:300697 [meta.py:_save_conda():76] save conda
2022-04-18 23:21:53,742 INFO    Thread-7  :300697 [dir_watcher.py:_on_file_created():217] file/dir created: /home/alexzuzow/Desktop/agar_multiagent/wandb/run-20220418_232152-2uv378mc/files/conda-environment.yaml
2022-04-18 23:21:53,743 INFO    Thread-7  :300697 [dir_watcher.py:_on_file_created():217] file/dir created: /home/alexzuzow/Desktop/agar_multiagent/wandb/run-20220418_232152-2uv378mc/files/wandb-summary.json
2022-04-18 23:21:53,743 INFO    Thread-7  :300697 [dir_watcher.py:_on_file_created():217] file/dir created: /home/alexzuzow/Desktop/agar_multiagent/wandb/run-20220418_232152-2uv378mc/files/requirements.txt
2022-04-18 23:21:55,313 DEBUG   HandlerThread:300697 [meta.py:_save_conda():86] save conda done
2022-04-18 23:21:55,313 DEBUG   HandlerThread:300697 [meta.py:probe():249] probe done
2022-04-18 23:21:55,318 DEBUG   SenderThread:300697 [sender.py:send():235] send: files
2022-04-18 23:21:55,318 INFO    SenderThread:300697 [sender.py:_save_file():947] saving file wandb-metadata.json with policy now
2022-04-18 23:21:55,324 DEBUG   HandlerThread:300697 [handler.py:handle_request():141] handle_request: stop_status
2022-04-18 23:21:55,325 DEBUG   SenderThread:300697 [sender.py:send_request():249] send_request: stop_status
2022-04-18 23:21:55,407 DEBUG   SenderThread:300697 [sender.py:send():235] send: telemetry
2022-04-18 23:21:55,679 INFO    Thread-11 :300697 [upload_job.py:push():137] Uploaded file /tmp/tmpj4afxx8cwandb/2hhzol59-wandb-metadata.json
2022-04-18 23:21:55,740 INFO    Thread-7  :300697 [dir_watcher.py:_on_file_modified():230] file/dir modified: /home/alexzuzow/Desktop/agar_multiagent/wandb/run-20220418_232152-2uv378mc/files/conda-environment.yaml
2022-04-18 23:21:55,740 INFO    Thread-7  :300697 [dir_watcher.py:_on_file_created():217] file/dir created: /home/alexzuzow/Desktop/agar_multiagent/wandb/run-20220418_232152-2uv378mc/files/output.log
2022-04-18 23:21:55,740 INFO    Thread-7  :300697 [dir_watcher.py:_on_file_created():217] file/dir created: /home/alexzuzow/Desktop/agar_multiagent/wandb/run-20220418_232152-2uv378mc/files/wandb-metadata.json
2022-04-18 23:21:57,740 INFO    Thread-7  :300697 [dir_watcher.py:_on_file_modified():230] file/dir modified: /home/alexzuzow/Desktop/agar_multiagent/wandb/run-20220418_232152-2uv378mc/files/output.log
2022-04-18 23:22:05,744 INFO    Thread-7  :300697 [dir_watcher.py:_on_file_modified():230] file/dir modified: /home/alexzuzow/Desktop/agar_multiagent/wandb/run-20220418_232152-2uv378mc/files/output.log
2022-04-18 23:22:07,744 INFO    Thread-7  :300697 [dir_watcher.py:_on_file_modified():230] file/dir modified: /home/alexzuzow/Desktop/agar_multiagent/wandb/run-20220418_232152-2uv378mc/files/output.log
2022-04-18 23:22:09,745 INFO    Thread-7  :300697 [dir_watcher.py:_on_file_modified():230] file/dir modified: /home/alexzuzow/Desktop/agar_multiagent/wandb/run-20220418_232152-2uv378mc/files/output.log
2022-04-18 23:22:10,410 DEBUG   HandlerThread:300697 [handler.py:handle_request():141] handle_request: stop_status
2022-04-18 23:22:10,410 DEBUG   SenderThread:300697 [sender.py:send_request():249] send_request: stop_status
2022-04-18 23:22:11,746 INFO    Thread-7  :300697 [dir_watcher.py:_on_file_modified():230] file/dir modified: /home/alexzuzow/Desktop/agar_multiagent/wandb/run-20220418_232152-2uv378mc/files/output.log
2022-04-18 23:22:13,747 INFO    Thread-7  :300697 [dir_watcher.py:_on_file_modified():230] file/dir modified: /home/alexzuzow/Desktop/agar_multiagent/wandb/run-20220418_232152-2uv378mc/files/output.log
2022-04-18 23:22:15,748 INFO    Thread-7  :300697 [dir_watcher.py:_on_file_modified():230] file/dir modified: /home/alexzuzow/Desktop/agar_multiagent/wandb/run-20220418_232152-2uv378mc/files/output.log
2022-04-18 23:22:17,748 INFO    Thread-7  :300697 [dir_watcher.py:_on_file_modified():230] file/dir modified: /home/alexzuzow/Desktop/agar_multiagent/wandb/run-20220418_232152-2uv378mc/files/output.log
2022-04-18 23:22:19,749 INFO    Thread-7  :300697 [dir_watcher.py:_on_file_modified():230] file/dir modified: /home/alexzuzow/Desktop/agar_multiagent/wandb/run-20220418_232152-2uv378mc/files/output.log
2022-04-18 23:22:21,196 DEBUG   SenderThread:300697 [sender.py:send():235] send: stats
2022-04-18 23:22:21,750 INFO    Thread-7  :300697 [dir_watcher.py:_on_file_modified():230] file/dir modified: /home/alexzuzow/Desktop/agar_multiagent/wandb/run-20220418_232152-2uv378mc/files/output.log
2022-04-18 23:22:23,751 INFO    Thread-7  :300697 [dir_watcher.py:_on_file_modified():230] file/dir modified: /home/alexzuzow/Desktop/agar_multiagent/wandb/run-20220418_232152-2uv378mc/files/output.log
2022-04-18 23:22:23,751 INFO    Thread-7  :300697 [dir_watcher.py:_on_file_modified():230] file/dir modified: /home/alexzuzow/Desktop/agar_multiagent/wandb/run-20220418_232152-2uv378mc/files/config.yaml
2022-04-18 23:22:25,479 DEBUG   HandlerThread:300697 [handler.py:handle_request():141] handle_request: stop_status
2022-04-18 23:22:25,480 DEBUG   SenderThread:300697 [sender.py:send_request():249] send_request: stop_status
2022-04-18 23:22:25,752 INFO    Thread-7  :300697 [dir_watcher.py:_on_file_modified():230] file/dir modified: /home/alexzuzow/Desktop/agar_multiagent/wandb/run-20220418_232152-2uv378mc/files/output.log
2022-04-18 23:22:27,752 INFO    Thread-7  :300697 [dir_watcher.py:_on_file_modified():230] file/dir modified: /home/alexzuzow/Desktop/agar_multiagent/wandb/run-20220418_232152-2uv378mc/files/output.log
2022-04-18 23:22:29,753 INFO    Thread-7  :300697 [dir_watcher.py:_on_file_modified():230] file/dir modified: /home/alexzuzow/Desktop/agar_multiagent/wandb/run-20220418_232152-2uv378mc/files/output.log
2022-04-18 23:22:31,754 INFO    Thread-7  :300697 [dir_watcher.py:_on_file_modified():230] file/dir modified: /home/alexzuzow/Desktop/agar_multiagent/wandb/run-20220418_232152-2uv378mc/files/output.log
2022-04-18 23:22:33,755 INFO    Thread-7  :300697 [dir_watcher.py:_on_file_modified():230] file/dir modified: /home/alexzuzow/Desktop/agar_multiagent/wandb/run-20220418_232152-2uv378mc/files/output.log
2022-04-18 23:22:35,756 INFO    Thread-7  :300697 [dir_watcher.py:_on_file_modified():230] file/dir modified: /home/alexzuzow/Desktop/agar_multiagent/wandb/run-20220418_232152-2uv378mc/files/output.log
2022-04-18 23:22:37,757 INFO    Thread-7  :300697 [dir_watcher.py:_on_file_modified():230] file/dir modified: /home/alexzuzow/Desktop/agar_multiagent/wandb/run-20220418_232152-2uv378mc/files/output.log
2022-04-18 23:22:39,758 INFO    Thread-7  :300697 [dir_watcher.py:_on_file_modified():230] file/dir modified: /home/alexzuzow/Desktop/agar_multiagent/wandb/run-20220418_232152-2uv378mc/files/output.log
2022-04-18 23:22:40,559 DEBUG   HandlerThread:300697 [handler.py:handle_request():141] handle_request: stop_status
2022-04-18 23:22:40,559 DEBUG   SenderThread:300697 [sender.py:send_request():249] send_request: stop_status
2022-04-18 23:22:41,758 INFO    Thread-7  :300697 [dir_watcher.py:_on_file_modified():230] file/dir modified: /home/alexzuzow/Desktop/agar_multiagent/wandb/run-20220418_232152-2uv378mc/files/output.log
2022-04-18 23:22:43,759 INFO    Thread-7  :300697 [dir_watcher.py:_on_file_modified():230] file/dir modified: /home/alexzuzow/Desktop/agar_multiagent/wandb/run-20220418_232152-2uv378mc/files/output.log
2022-04-18 23:22:45,760 INFO    Thread-7  :300697 [dir_watcher.py:_on_file_modified():230] file/dir modified: /home/alexzuzow/Desktop/agar_multiagent/wandb/run-20220418_232152-2uv378mc/files/output.log
2022-04-18 23:22:47,761 INFO    Thread-7  :300697 [dir_watcher.py:_on_file_modified():230] file/dir modified: /home/alexzuzow/Desktop/agar_multiagent/wandb/run-20220418_232152-2uv378mc/files/output.log
2022-04-18 23:22:49,761 INFO    Thread-7  :300697 [dir_watcher.py:_on_file_modified():230] file/dir modified: /home/alexzuzow/Desktop/agar_multiagent/wandb/run-20220418_232152-2uv378mc/files/output.log
2022-04-18 23:22:51,571 DEBUG   SenderThread:300697 [sender.py:send():235] send: stats
2022-04-18 23:22:51,762 INFO    Thread-7  :300697 [dir_watcher.py:_on_file_modified():230] file/dir modified: /home/alexzuzow/Desktop/agar_multiagent/wandb/run-20220418_232152-2uv378mc/files/output.log
2022-04-18 23:22:53,763 INFO    Thread-7  :300697 [dir_watcher.py:_on_file_modified():230] file/dir modified: /home/alexzuzow/Desktop/agar_multiagent/wandb/run-20220418_232152-2uv378mc/files/output.log
2022-04-18 23:22:55,629 DEBUG   HandlerThread:300697 [handler.py:handle_request():141] handle_request: stop_status
2022-04-18 23:22:55,630 DEBUG   SenderThread:300697 [sender.py:send_request():249] send_request: stop_status
2022-04-18 23:22:55,764 INFO    Thread-7  :300697 [dir_watcher.py:_on_file_modified():230] file/dir modified: /home/alexzuzow/Desktop/agar_multiagent/wandb/run-20220418_232152-2uv378mc/files/output.log
2022-04-18 23:22:57,765 INFO    Thread-7  :300697 [dir_watcher.py:_on_file_modified():230] file/dir modified: /home/alexzuzow/Desktop/agar_multiagent/wandb/run-20220418_232152-2uv378mc/files/output.log
2022-04-18 23:22:59,766 INFO    Thread-7  :300697 [dir_watcher.py:_on_file_modified():230] file/dir modified: /home/alexzuzow/Desktop/agar_multiagent/wandb/run-20220418_232152-2uv378mc/files/output.log
2022-04-18 23:23:01,767 INFO    Thread-7  :300697 [dir_watcher.py:_on_file_modified():230] file/dir modified: /home/alexzuzow/Desktop/agar_multiagent/wandb/run-20220418_232152-2uv378mc/files/output.log
2022-04-18 23:23:03,767 INFO    Thread-7  :300697 [dir_watcher.py:_on_file_modified():230] file/dir modified: /home/alexzuzow/Desktop/agar_multiagent/wandb/run-20220418_232152-2uv378mc/files/output.log
2022-04-18 23:23:05,768 INFO    Thread-7  :300697 [dir_watcher.py:_on_file_modified():230] file/dir modified: /home/alexzuzow/Desktop/agar_multiagent/wandb/run-20220418_232152-2uv378mc/files/output.log
2022-04-18 23:23:07,769 INFO    Thread-7  :300697 [dir_watcher.py:_on_file_modified():230] file/dir modified: /home/alexzuzow/Desktop/agar_multiagent/wandb/run-20220418_232152-2uv378mc/files/output.log
2022-04-18 23:23:09,770 INFO    Thread-7  :300697 [dir_watcher.py:_on_file_modified():230] file/dir modified: /home/alexzuzow/Desktop/agar_multiagent/wandb/run-20220418_232152-2uv378mc/files/output.log
2022-04-18 23:23:10,698 DEBUG   HandlerThread:300697 [handler.py:handle_request():141] handle_request: stop_status
2022-04-18 23:23:10,698 DEBUG   SenderThread:300697 [sender.py:send_request():249] send_request: stop_status
2022-04-18 23:23:11,771 INFO    Thread-7  :300697 [dir_watcher.py:_on_file_modified():230] file/dir modified: /home/alexzuzow/Desktop/agar_multiagent/wandb/run-20220418_232152-2uv378mc/files/output.log
2022-04-18 23:23:13,772 INFO    Thread-7  :300697 [dir_watcher.py:_on_file_modified():230] file/dir modified: /home/alexzuzow/Desktop/agar_multiagent/wandb/run-20220418_232152-2uv378mc/files/output.log
2022-04-18 23:23:15,773 INFO    Thread-7  :300697 [dir_watcher.py:_on_file_modified():230] file/dir modified: /home/alexzuzow/Desktop/agar_multiagent/wandb/run-20220418_232152-2uv378mc/files/output.log
2022-04-18 23:23:17,773 INFO    Thread-7  :300697 [dir_watcher.py:_on_file_modified():230] file/dir modified: /home/alexzuzow/Desktop/agar_multiagent/wandb/run-20220418_232152-2uv378mc/files/output.log
2022-04-18 23:23:19,774 INFO    Thread-7  :300697 [dir_watcher.py:_on_file_modified():230] file/dir modified: /home/alexzuzow/Desktop/agar_multiagent/wandb/run-20220418_232152-2uv378mc/files/output.log
2022-04-18 23:23:21,775 INFO    Thread-7  :300697 [dir_watcher.py:_on_file_modified():230] file/dir modified: /home/alexzuzow/Desktop/agar_multiagent/wandb/run-20220418_232152-2uv378mc/files/output.log
2022-04-18 23:23:21,947 DEBUG   SenderThread:300697 [sender.py:send():235] send: stats
2022-04-18 23:23:23,776 INFO    Thread-7  :300697 [dir_watcher.py:_on_file_modified():230] file/dir modified: /home/alexzuzow/Desktop/agar_multiagent/wandb/run-20220418_232152-2uv378mc/files/output.log
2022-04-18 23:23:25,777 INFO    Thread-7  :300697 [dir_watcher.py:_on_file_modified():230] file/dir modified: /home/alexzuzow/Desktop/agar_multiagent/wandb/run-20220418_232152-2uv378mc/files/output.log
2022-04-18 23:23:25,785 DEBUG   HandlerThread:300697 [handler.py:handle_request():141] handle_request: stop_status
2022-04-18 23:23:25,785 DEBUG   SenderThread:300697 [sender.py:send_request():249] send_request: stop_status
2022-04-18 23:23:27,778 INFO    Thread-7  :300697 [dir_watcher.py:_on_file_modified():230] file/dir modified: /home/alexzuzow/Desktop/agar_multiagent/wandb/run-20220418_232152-2uv378mc/files/output.log
2022-04-18 23:23:29,779 INFO    Thread-7  :300697 [dir_watcher.py:_on_file_modified():230] file/dir modified: /home/alexzuzow/Desktop/agar_multiagent/wandb/run-20220418_232152-2uv378mc/files/output.log
2022-04-18 23:23:31,779 INFO    Thread-7  :300697 [dir_watcher.py:_on_file_modified():230] file/dir modified: /home/alexzuzow/Desktop/agar_multiagent/wandb/run-20220418_232152-2uv378mc/files/output.log
2022-04-18 23:23:33,780 INFO    Thread-7  :300697 [dir_watcher.py:_on_file_modified():230] file/dir modified: /home/alexzuzow/Desktop/agar_multiagent/wandb/run-20220418_232152-2uv378mc/files/output.log
2022-04-18 23:23:35,781 INFO    Thread-7  :300697 [dir_watcher.py:_on_file_modified():230] file/dir modified: /home/alexzuzow/Desktop/agar_multiagent/wandb/run-20220418_232152-2uv378mc/files/output.log
2022-04-18 23:23:37,782 INFO    Thread-7  :300697 [dir_watcher.py:_on_file_modified():230] file/dir modified: /home/alexzuzow/Desktop/agar_multiagent/wandb/run-20220418_232152-2uv378mc/files/output.log
2022-04-18 23:23:39,782 INFO    Thread-7  :300697 [dir_watcher.py:_on_file_modified():230] file/dir modified: /home/alexzuzow/Desktop/agar_multiagent/wandb/run-20220418_232152-2uv378mc/files/output.log
2022-04-18 23:23:40,876 DEBUG   HandlerThread:300697 [handler.py:handle_request():141] handle_request: stop_status
2022-04-18 23:23:40,877 DEBUG   SenderThread:300697 [sender.py:send_request():249] send_request: stop_status
2022-04-18 23:23:41,783 INFO    Thread-7  :300697 [dir_watcher.py:_on_file_modified():230] file/dir modified: /home/alexzuzow/Desktop/agar_multiagent/wandb/run-20220418_232152-2uv378mc/files/output.log
2022-04-18 23:23:43,784 INFO    Thread-7  :300697 [dir_watcher.py:_on_file_modified():230] file/dir modified: /home/alexzuzow/Desktop/agar_multiagent/wandb/run-20220418_232152-2uv378mc/files/output.log
2022-04-18 23:23:45,785 INFO    Thread-7  :300697 [dir_watcher.py:_on_file_modified():230] file/dir modified: /home/alexzuzow/Desktop/agar_multiagent/wandb/run-20220418_232152-2uv378mc/files/output.log
2022-04-18 23:23:47,786 INFO    Thread-7  :300697 [dir_watcher.py:_on_file_modified():230] file/dir modified: /home/alexzuzow/Desktop/agar_multiagent/wandb/run-20220418_232152-2uv378mc/files/output.log
2022-04-18 23:23:49,787 INFO    Thread-7  :300697 [dir_watcher.py:_on_file_modified():230] file/dir modified: /home/alexzuzow/Desktop/agar_multiagent/wandb/run-20220418_232152-2uv378mc/files/output.log
2022-04-18 23:23:51,787 INFO    Thread-7  :300697 [dir_watcher.py:_on_file_modified():230] file/dir modified: /home/alexzuzow/Desktop/agar_multiagent/wandb/run-20220418_232152-2uv378mc/files/output.log
2022-04-18 23:23:52,310 DEBUG   SenderThread:300697 [sender.py:send():235] send: stats
2022-04-18 23:23:53,788 INFO    Thread-7  :300697 [dir_watcher.py:_on_file_modified():230] file/dir modified: /home/alexzuzow/Desktop/agar_multiagent/wandb/run-20220418_232152-2uv378mc/files/output.log
2022-04-18 23:23:55,789 INFO    Thread-7  :300697 [dir_watcher.py:_on_file_modified():230] file/dir modified: /home/alexzuzow/Desktop/agar_multiagent/wandb/run-20220418_232152-2uv378mc/files/output.log
2022-04-18 23:23:55,947 DEBUG   HandlerThread:300697 [handler.py:handle_request():141] handle_request: stop_status
2022-04-18 23:23:55,947 DEBUG   SenderThread:300697 [sender.py:send_request():249] send_request: stop_status
2022-04-18 23:23:57,790 INFO    Thread-7  :300697 [dir_watcher.py:_on_file_modified():230] file/dir modified: /home/alexzuzow/Desktop/agar_multiagent/wandb/run-20220418_232152-2uv378mc/files/output.log
2022-04-18 23:23:59,791 INFO    Thread-7  :300697 [dir_watcher.py:_on_file_modified():230] file/dir modified: /home/alexzuzow/Desktop/agar_multiagent/wandb/run-20220418_232152-2uv378mc/files/output.log
2022-04-18 23:24:01,792 INFO    Thread-7  :300697 [dir_watcher.py:_on_file_modified():230] file/dir modified: /home/alexzuzow/Desktop/agar_multiagent/wandb/run-20220418_232152-2uv378mc/files/output.log
2022-04-18 23:24:03,792 INFO    Thread-7  :300697 [dir_watcher.py:_on_file_modified():230] file/dir modified: /home/alexzuzow/Desktop/agar_multiagent/wandb/run-20220418_232152-2uv378mc/files/output.log
2022-04-18 23:24:05,793 INFO    Thread-7  :300697 [dir_watcher.py:_on_file_modified():230] file/dir modified: /home/alexzuzow/Desktop/agar_multiagent/wandb/run-20220418_232152-2uv378mc/files/output.log
2022-04-18 23:24:07,794 INFO    Thread-7  :300697 [dir_watcher.py:_on_file_modified():230] file/dir modified: /home/alexzuzow/Desktop/agar_multiagent/wandb/run-20220418_232152-2uv378mc/files/output.log
2022-04-18 23:24:09,795 INFO    Thread-7  :300697 [dir_watcher.py:_on_file_modified():230] file/dir modified: /home/alexzuzow/Desktop/agar_multiagent/wandb/run-20220418_232152-2uv378mc/files/output.log
2022-04-18 23:24:11,796 INFO    Thread-7  :300697 [dir_watcher.py:_on_file_modified():230] file/dir modified: /home/alexzuzow/Desktop/agar_multiagent/wandb/run-20220418_232152-2uv378mc/files/output.log
2022-04-18 23:24:13,796 INFO    Thread-7  :300697 [dir_watcher.py:_on_file_modified():230] file/dir modified: /home/alexzuzow/Desktop/agar_multiagent/wandb/run-20220418_232152-2uv378mc/files/output.log
2022-04-18 23:24:15,798 INFO    Thread-7  :300697 [dir_watcher.py:_on_file_modified():230] file/dir modified: /home/alexzuzow/Desktop/agar_multiagent/wandb/run-20220418_232152-2uv378mc/files/output.log
2022-04-18 23:24:15,947 DEBUG   HandlerThread:300697 [handler.py:handle_request():141] handle_request: stop_status
2022-04-18 23:24:17,798 INFO    Thread-7  :300697 [dir_watcher.py:_on_file_modified():230] file/dir modified: /home/alexzuzow/Desktop/agar_multiagent/wandb/run-20220418_232152-2uv378mc/files/output.log
2022-04-18 23:24:19,799 INFO    Thread-7  :300697 [dir_watcher.py:_on_file_modified():230] file/dir modified: /home/alexzuzow/Desktop/agar_multiagent/wandb/run-20220418_232152-2uv378mc/files/output.log
2022-04-18 23:24:21,800 INFO    Thread-7  :300697 [dir_watcher.py:_on_file_modified():230] file/dir modified: /home/alexzuzow/Desktop/agar_multiagent/wandb/run-20220418_232152-2uv378mc/files/output.log
2022-04-18 23:24:23,801 INFO    Thread-7  :300697 [dir_watcher.py:_on_file_modified():230] file/dir modified: /home/alexzuzow/Desktop/agar_multiagent/wandb/run-20220418_232152-2uv378mc/files/output.log
2022-04-18 23:24:25,801 INFO    Thread-7  :300697 [dir_watcher.py:_on_file_modified():230] file/dir modified: /home/alexzuzow/Desktop/agar_multiagent/wandb/run-20220418_232152-2uv378mc/files/output.log
2022-04-18 23:24:27,802 INFO    Thread-7  :300697 [dir_watcher.py:_on_file_modified():230] file/dir modified: /home/alexzuzow/Desktop/agar_multiagent/wandb/run-20220418_232152-2uv378mc/files/output.log
2022-04-18 23:24:29,167 ERROR   SenderThread:300697 [retry.py:__call__():126] Retry attempt failed:
Traceback (most recent call last):
  File "/home/alexzuzow/anaconda3/envs/myenv/lib/python3.9/site-packages/urllib3/connectionpool.py", line 449, in _make_request
    six.raise_from(e, None)
  File "<string>", line 3, in raise_from
  File "/home/alexzuzow/anaconda3/envs/myenv/lib/python3.9/site-packages/urllib3/connectionpool.py", line 444, in _make_request
    httplib_response = conn.getresponse()
  File "/home/alexzuzow/anaconda3/envs/myenv/lib/python3.9/http/client.py", line 1371, in getresponse
    response.begin()
  File "/home/alexzuzow/anaconda3/envs/myenv/lib/python3.9/http/client.py", line 319, in begin
    version, status, reason = self._read_status()
  File "/home/alexzuzow/anaconda3/envs/myenv/lib/python3.9/http/client.py", line 280, in _read_status
    line = str(self.fp.readline(_MAXLINE + 1), "iso-8859-1")
  File "/home/alexzuzow/anaconda3/envs/myenv/lib/python3.9/socket.py", line 704, in readinto
    return self._sock.recv_into(b)
  File "/home/alexzuzow/anaconda3/envs/myenv/lib/python3.9/ssl.py", line 1241, in recv_into
    return self.read(nbytes, buffer)
  File "/home/alexzuzow/anaconda3/envs/myenv/lib/python3.9/ssl.py", line 1099, in read
    return self._sslobj.read(len, buffer)
socket.timeout: The read operation timed out

During handling of the above exception, another exception occurred:

Traceback (most recent call last):
  File "/home/alexzuzow/anaconda3/envs/myenv/lib/python3.9/site-packages/requests/adapters.py", line 440, in send
    resp = conn.urlopen(
  File "/home/alexzuzow/anaconda3/envs/myenv/lib/python3.9/site-packages/urllib3/connectionpool.py", line 785, in urlopen
    retries = retries.increment(
  File "/home/alexzuzow/anaconda3/envs/myenv/lib/python3.9/site-packages/urllib3/util/retry.py", line 550, in increment
    raise six.reraise(type(error), error, _stacktrace)
  File "/home/alexzuzow/anaconda3/envs/myenv/lib/python3.9/site-packages/urllib3/packages/six.py", line 770, in reraise
    raise value
  File "/home/alexzuzow/anaconda3/envs/myenv/lib/python3.9/site-packages/urllib3/connectionpool.py", line 703, in urlopen
    httplib_response = self._make_request(
  File "/home/alexzuzow/anaconda3/envs/myenv/lib/python3.9/site-packages/urllib3/connectionpool.py", line 451, in _make_request
    self._raise_timeout(err=e, url=url, timeout_value=read_timeout)
  File "/home/alexzuzow/anaconda3/envs/myenv/lib/python3.9/site-packages/urllib3/connectionpool.py", line 340, in _raise_timeout
    raise ReadTimeoutError(
urllib3.exceptions.ReadTimeoutError: HTTPSConnectionPool(host='api.wandb.ai', port=443): Read timed out. (read timeout=10)

During handling of the above exception, another exception occurred:

Traceback (most recent call last):
  File "/home/alexzuzow/anaconda3/envs/myenv/lib/python3.9/site-packages/wandb/sdk/lib/retry.py", line 102, in __call__
    result = self._call_fn(*args, **kwargs)
  File "/home/alexzuzow/anaconda3/envs/myenv/lib/python3.9/site-packages/wandb/sdk/internal/internal_api.py", line 141, in execute
    return self.client.execute(*args, **kwargs)
  File "/home/alexzuzow/anaconda3/envs/myenv/lib/python3.9/site-packages/wandb/vendor/gql-0.2.0/wandb_gql/client.py", line 52, in execute
    result = self._get_result(document, *args, **kwargs)
  File "/home/alexzuzow/anaconda3/envs/myenv/lib/python3.9/site-packages/wandb/vendor/gql-0.2.0/wandb_gql/client.py", line 60, in _get_result
    return self.transport.execute(document, *args, **kwargs)
  File "/home/alexzuzow/anaconda3/envs/myenv/lib/python3.9/site-packages/wandb/vendor/gql-0.2.0/wandb_gql/transport/requests.py", line 38, in execute
    request = requests.post(self.url, **post_args)
  File "/home/alexzuzow/anaconda3/envs/myenv/lib/python3.9/site-packages/requests/api.py", line 117, in post
    return request('post', url, data=data, json=json, **kwargs)
  File "/home/alexzuzow/anaconda3/envs/myenv/lib/python3.9/site-packages/requests/api.py", line 61, in request
    return session.request(method=method, url=url, **kwargs)
  File "/home/alexzuzow/anaconda3/envs/myenv/lib/python3.9/site-packages/requests/sessions.py", line 529, in request
    resp = self.send(prep, **send_kwargs)
  File "/home/alexzuzow/anaconda3/envs/myenv/lib/python3.9/site-packages/requests/sessions.py", line 645, in send
    r = adapter.send(request, **kwargs)
  File "/home/alexzuzow/anaconda3/envs/myenv/lib/python3.9/site-packages/requests/adapters.py", line 532, in send
    raise ReadTimeout(e, request=request)
requests.exceptions.ReadTimeout: HTTPSConnectionPool(host='api.wandb.ai', port=443): Read timed out. (read timeout=10)
2022-04-18 23:24:29,803 INFO    Thread-7  :300697 [dir_watcher.py:_on_file_modified():230] file/dir modified: /home/alexzuzow/Desktop/agar_multiagent/wandb/run-20220418_232152-2uv378mc/files/output.log
2022-04-18 23:24:30,610 WARNING FileStreamThread:300697 [file_stream.py:request_with_retry():594] requests_with_retry encountered retryable exception: 500 Server Error: Internal Server Error for url: https://api.wandb.ai/files/cs394ragario/my-test-project/2uv378mc/file_stream. func: <bound method Session.post of <requests.sessions.Session object at 0x7fecd178e340>>, args: ('https://api.wandb.ai/files/cs394ragario/my-test-project/2uv378mc/file_stream',), kwargs: {'json': {'files': {'output.log': {'offset': 1635, 'content': ['2022-04-19T04:23:43.525957 Score:  3511\n', '2022-04-19T04:23:43.525957 step time: 0.6581397760019172\n', '2022-04-19T04:23:43.525957 loss: 4.271821580914548e-06\n', '2022-04-19T04:23:43.525957 (25, 36)\n', '2022-04-19T04:23:43.525957 TEST1\n', '2022-04-19T04:23:43.525957 TEST2\n', '2022-04-19T04:23:43.525957 3\n', '2022-04-19T04:23:43.525957 5\n', '2022-04-19T04:23:43.525957 3\n', '2022-04-19T04:23:43.525957 1\n', '2022-04-19T04:23:43.525957 Score:  3531\n', '2022-04-19T04:23:43.525957 step time: 0.6632122199989681\n', '2022-04-19T04:23:43.525957 loss: 2.8886381187476218e-05\n', '2022-04-19T04:23:43.525957 (25, 36)\n', '2022-04-19T04:23:43.525957 TEST1\n', '2022-04-19T04:23:43.525957 TEST2\n', '2022-04-19T04:23:43.525957 3\n', '2022-04-19T04:23:43.525957 5\n', '2022-04-19T04:23:43.525957 3\n', '2022-04-19T04:23:43.525957 1\n', '2022-04-19T04:23:43.525957 Score:  3531\n', '2022-04-19T04:23:43.525957 step time: 0.6413360730002751\n', '2022-04-19T04:23:43.525957 loss: 2.2004436686984263e-05\n', '2022-04-19T04:23:43.525957 (25, 36)\n', '2022-04-19T04:23:43.525957 TEST1\n', '2022-04-19T04:23:43.525957 TEST2\n', '2022-04-19T04:23:43.525957 3\n', '2022-04-19T04:23:43.525957 5\n', '2022-04-19T04:23:43.525957 3\n', '2022-04-19T04:23:43.525957 1\n', '2022-04-19T04:23:45.530045 Score:  3531\n', '2022-04-19T04:23:45.530045 step time: 0.6392895459975989\n', '2022-04-19T04:23:45.530045 loss: 2.497449145266728e-07\n', '2022-04-19T04:23:45.530045 (25, 36)\n', '2022-04-19T04:23:45.530045 TEST1\n', '2022-04-19T04:23:45.530045 TEST2\n', '2022-04-19T04:23:45.530045 4\n', '2022-04-19T04:23:45.530045 0\n', '2022-04-19T04:23:45.530045 6\n', '2022-04-19T04:23:45.530045 1\n', '2022-04-19T04:23:45.530045 Score:  4061\n', '2022-04-19T04:23:45.530045 step time: 0.7062020819976169\n', '2022-04-19T04:23:45.530045 loss: 4.595349309965968e-06\n', '2022-04-19T04:23:45.530045 (25, 36)\n', '2022-04-19T04:23:45.530045 TEST1\n', '2022-04-19T04:23:45.530045 TEST2\n', '2022-04-19T04:23:45.530045 4\n', '2022-04-19T04:23:45.530045 4\n', '2022-04-19T04:23:45.530045 0\n', '2022-04-19T04:23:45.530045 1\n', '2022-04-19T04:23:45.530045 Score:  4401\n', '2022-04-19T04:23:45.530045 step time: 0.6241562290015281\n', '2022-04-19T04:23:45.530045 loss: 3.7556080201284203e-07\n', '2022-04-19T04:23:45.530045 (25, 36)\n', '2022-04-19T04:23:45.530045 TEST1\n', '2022-04-19T04:23:45.530045 TEST2\n', '2022-04-19T04:23:45.530045 4\n', '2022-04-19T04:23:45.530045 4\n', '2022-04-19T04:23:45.530045 0\n', '2022-04-19T04:23:45.530045 1\n', '2022-04-19T04:23:47.533040 Score:  4401\n', '2022-04-19T04:23:47.533040 step time: 0.6753857969997625\n', '2022-04-19T04:23:47.533040 loss: 7.881132546572189e-07\n', '2022-04-19T04:23:47.533040 (25, 36)\n', '2022-04-19T04:23:47.533040 TEST1\n', '2022-04-19T04:23:47.533040 TEST2\n', '2022-04-19T04:23:47.533040 4\n', '2022-04-19T04:23:47.533040 4\n', '2022-04-19T04:23:47.533040 0\n', '2022-04-19T04:23:47.533040 1\n', '2022-04-19T04:23:47.533040 Score:  4401\n', '2022-04-19T04:23:47.533040 step time: 0.6969230430004245\n', '2022-04-19T04:23:47.533040 loss: 5.351472736947471e-06\n', '2022-04-19T04:23:47.533040 (25, 36)\n', '2022-04-19T04:23:47.533040 TEST1\n', '2022-04-19T04:23:47.533040 TEST2\n', '2022-04-19T04:23:47.533040 4\n', '2022-04-19T04:23:47.533040 4\n', '2022-04-19T04:23:47.533040 0\n', '2022-04-19T04:23:47.533040 1\n', '2022-04-19T04:23:47.533040 Score:  4401\n', '2022-04-19T04:23:47.533040 step time: 0.6813479939992249\n', '2022-04-19T04:23:47.533040 loss: 1.5495234038098715e-05\n', '2022-04-19T04:23:47.533040 (25, 36)\n', '2022-04-19T04:23:47.533040 TEST1\n', '2022-04-19T04:23:47.533040 TEST2\n', '2022-04-19T04:23:47.533040 4\n', '2022-04-19T04:23:47.533040 4\n', '2022-04-19T04:23:47.533040 0\n', '2022-04-19T04:23:47.533040 1\n', '2022-04-19T04:23:49.536671 Score:  4401\n', '2022-04-19T04:23:49.536671 step time: 0.6190685020010278\n', '2022-04-19T04:23:49.536671 loss: 1.0882867172767874e-05\n', '2022-04-19T04:23:49.536671 (25, 36)\n', '2022-04-19T04:23:49.536671 TEST1\n', '2022-04-19T04:23:49.536671 TEST2\n', '2022-04-19T04:23:49.536671 4\n', '2022-04-19T04:23:49.536671 4\n', '2022-04-19T04:23:49.536671 0\n', '2022-04-19T04:23:49.536671 1\n', '2022-04-19T04:23:49.536671 Score:  4401\n', '2022-04-19T04:23:49.536671 step time: 0.6539262090009288\n', '2022-04-19T04:23:49.536671 loss: 9.449669846617326e-08\n', '2022-04-19T04:23:49.536671 (25, 36)\n', '2022-04-19T04:23:49.536671 TEST1\n', '2022-04-19T04:23:49.536671 TEST2\n', '2022-04-19T04:23:49.536671 4\n', '2022-04-19T04:23:49.536671 4\n', '2022-04-19T04:23:49.536671 0\n', '2022-04-19T04:23:49.536671 1\n', '2022-04-19T04:23:49.536671 Score:  4401\n', '2022-04-19T04:23:49.536671 step time: 0.6066118130001996\n', '2022-04-19T04:23:49.536671 loss: 1.767495518834039e-07\n', '2022-04-19T04:23:49.536671 (25, 36)\n', '2022-04-19T04:23:49.536671 TEST1\n', '2022-04-19T04:23:49.536671 TEST2\n', '2022-04-19T04:23:49.536671 4\n', '2022-04-19T04:23:49.536671 4\n', '2022-04-19T04:23:49.536671 1\n', '2022-04-19T04:23:49.536671 1\n', '2022-04-19T04:23:51.540652 Score:  4411\n', '2022-04-19T04:23:51.540652 step time: 0.5796887989999959\n', '2022-04-19T04:23:51.540652 loss: 9.648683771956712e-07\n', '2022-04-19T04:23:51.540652 (25, 36)\n', '2022-04-19T04:23:51.540652 TEST1\n', '2022-04-19T04:23:51.540652 TEST2\n', '2022-04-19T04:23:51.540652 4\n', '2022-04-19T04:23:51.540652 4\n', '2022-04-19T04:23:51.540652 1\n', '2022-04-19T04:23:51.540652 1\n', '2022-04-19T04:23:51.540652 Score:  4411\n', '2022-04-19T04:23:51.540652 step time: 0.5638714810011152\n', '2022-04-19T04:23:51.540652 loss: 4.0123536564351525e-06\n', '2022-04-19T04:23:51.540652 (25, 36)\n', '2022-04-19T04:23:51.540652 TEST1\n', '2022-04-19T04:23:51.540652 TEST2\n', '2022-04-19T04:23:51.540652 4\n', '2022-04-19T04:23:51.540652 4\n', '2022-04-19T04:23:51.540652 1\n', '2022-04-19T04:23:51.540652 1\n', '2022-04-19T04:23:51.540652 Score:  4411\n', '2022-04-19T04:23:51.540652 step time: 0.6107861550008238\n', '2022-04-19T04:23:51.540652 loss: 1.3424121789284982e-05\n', '2022-04-19T04:23:51.540652 (25, 36)\n', '2022-04-19T04:23:51.540652 TEST1\n', '2022-04-19T04:23:51.540652 TEST2\n', '2022-04-19T04:23:51.540652 4\n', '2022-04-19T04:23:51.540652 4\n', '2022-04-19T04:23:51.540652 1\n', '2022-04-19T04:23:51.540652 1\n']}}, 'dropped': 0}}
2022-04-18 23:24:31,804 INFO    Thread-7  :300697 [dir_watcher.py:_on_file_modified():230] file/dir modified: /home/alexzuzow/Desktop/agar_multiagent/wandb/run-20220418_232152-2uv378mc/files/output.log
2022-04-18 23:24:33,804 INFO    Thread-7  :300697 [dir_watcher.py:_on_file_modified():230] file/dir modified: /home/alexzuzow/Desktop/agar_multiagent/wandb/run-20220418_232152-2uv378mc/files/output.log
2022-04-18 23:24:35,805 INFO    Thread-7  :300697 [dir_watcher.py:_on_file_modified():230] file/dir modified: /home/alexzuzow/Desktop/agar_multiagent/wandb/run-20220418_232152-2uv378mc/files/output.log
2022-04-18 23:24:35,947 DEBUG   HandlerThread:300697 [handler.py:handle_request():141] handle_request: stop_status
2022-04-18 23:24:37,806 INFO    Thread-7  :300697 [dir_watcher.py:_on_file_modified():230] file/dir modified: /home/alexzuzow/Desktop/agar_multiagent/wandb/run-20220418_232152-2uv378mc/files/output.log
2022-04-18 23:24:39,806 INFO    Thread-7  :300697 [dir_watcher.py:_on_file_modified():230] file/dir modified: /home/alexzuzow/Desktop/agar_multiagent/wandb/run-20220418_232152-2uv378mc/files/output.log
2022-04-18 23:24:40,420 DEBUG   SenderThread:300697 [sender.py:send_request():249] send_request: stop_status
2022-04-18 23:24:41,807 INFO    Thread-7  :300697 [dir_watcher.py:_on_file_modified():230] file/dir modified: /home/alexzuzow/Desktop/agar_multiagent/wandb/run-20220418_232152-2uv378mc/files/output.log
2022-04-18 23:24:43,808 INFO    Thread-7  :300697 [dir_watcher.py:_on_file_modified():230] file/dir modified: /home/alexzuzow/Desktop/agar_multiagent/wandb/run-20220418_232152-2uv378mc/files/output.log
2022-04-18 23:24:45,809 INFO    Thread-7  :300697 [dir_watcher.py:_on_file_modified():230] file/dir modified: /home/alexzuzow/Desktop/agar_multiagent/wandb/run-20220418_232152-2uv378mc/files/output.log
2022-04-18 23:24:47,412 DEBUG   SenderThread:300697 [sender.py:send():235] send: stats
2022-04-18 23:24:47,413 DEBUG   SenderThread:300697 [sender.py:send_request():249] send_request: stop_status
2022-04-18 23:24:47,810 INFO    Thread-7  :300697 [dir_watcher.py:_on_file_modified():230] file/dir modified: /home/alexzuzow/Desktop/agar_multiagent/wandb/run-20220418_232152-2uv378mc/files/output.log
2022-04-18 23:24:49,811 INFO    Thread-7  :300697 [dir_watcher.py:_on_file_modified():230] file/dir modified: /home/alexzuzow/Desktop/agar_multiagent/wandb/run-20220418_232152-2uv378mc/files/output.log
2022-04-18 23:24:51,811 INFO    Thread-7  :300697 [dir_watcher.py:_on_file_modified():230] file/dir modified: /home/alexzuzow/Desktop/agar_multiagent/wandb/run-20220418_232152-2uv378mc/files/output.log
2022-04-18 23:24:53,061 DEBUG   SenderThread:300697 [sender.py:send():235] send: stats
2022-04-18 23:24:53,812 INFO    Thread-7  :300697 [dir_watcher.py:_on_file_modified():230] file/dir modified: /home/alexzuzow/Desktop/agar_multiagent/wandb/run-20220418_232152-2uv378mc/files/output.log
2022-04-18 23:24:55,813 INFO    Thread-7  :300697 [dir_watcher.py:_on_file_modified():230] file/dir modified: /home/alexzuzow/Desktop/agar_multiagent/wandb/run-20220418_232152-2uv378mc/files/output.log
2022-04-18 23:24:55,948 DEBUG   HandlerThread:300697 [handler.py:handle_request():141] handle_request: stop_status
2022-04-18 23:24:55,949 DEBUG   SenderThread:300697 [sender.py:send_request():249] send_request: stop_status
2022-04-18 23:24:57,814 INFO    Thread-7  :300697 [dir_watcher.py:_on_file_modified():230] file/dir modified: /home/alexzuzow/Desktop/agar_multiagent/wandb/run-20220418_232152-2uv378mc/files/output.log
2022-04-18 23:24:59,815 INFO    Thread-7  :300697 [dir_watcher.py:_on_file_modified():230] file/dir modified: /home/alexzuzow/Desktop/agar_multiagent/wandb/run-20220418_232152-2uv378mc/files/output.log
2022-04-18 23:25:01,816 INFO    Thread-7  :300697 [dir_watcher.py:_on_file_modified():230] file/dir modified: /home/alexzuzow/Desktop/agar_multiagent/wandb/run-20220418_232152-2uv378mc/files/output.log
2022-04-18 23:25:03,817 INFO    Thread-7  :300697 [dir_watcher.py:_on_file_modified():230] file/dir modified: /home/alexzuzow/Desktop/agar_multiagent/wandb/run-20220418_232152-2uv378mc/files/output.log
2022-04-18 23:25:05,818 INFO    Thread-7  :300697 [dir_watcher.py:_on_file_modified():230] file/dir modified: /home/alexzuzow/Desktop/agar_multiagent/wandb/run-20220418_232152-2uv378mc/files/output.log
2022-04-18 23:25:07,819 INFO    Thread-7  :300697 [dir_watcher.py:_on_file_modified():230] file/dir modified: /home/alexzuzow/Desktop/agar_multiagent/wandb/run-20220418_232152-2uv378mc/files/output.log
2022-04-18 23:25:09,820 INFO    Thread-7  :300697 [dir_watcher.py:_on_file_modified():230] file/dir modified: /home/alexzuzow/Desktop/agar_multiagent/wandb/run-20220418_232152-2uv378mc/files/output.log
2022-04-18 23:25:11,820 INFO    Thread-7  :300697 [dir_watcher.py:_on_file_modified():230] file/dir modified: /home/alexzuzow/Desktop/agar_multiagent/wandb/run-20220418_232152-2uv378mc/files/output.log
2022-04-18 23:25:13,821 INFO    Thread-7  :300697 [dir_watcher.py:_on_file_modified():230] file/dir modified: /home/alexzuzow/Desktop/agar_multiagent/wandb/run-20220418_232152-2uv378mc/files/output.log
2022-04-18 23:25:15,822 INFO    Thread-7  :300697 [dir_watcher.py:_on_file_modified():230] file/dir modified: /home/alexzuzow/Desktop/agar_multiagent/wandb/run-20220418_232152-2uv378mc/files/output.log
2022-04-18 23:25:15,949 DEBUG   HandlerThread:300697 [handler.py:handle_request():141] handle_request: stop_status
2022-04-18 23:25:15,949 DEBUG   SenderThread:300697 [sender.py:send_request():249] send_request: stop_status
2022-04-18 23:25:17,823 INFO    Thread-7  :300697 [dir_watcher.py:_on_file_modified():230] file/dir modified: /home/alexzuzow/Desktop/agar_multiagent/wandb/run-20220418_232152-2uv378mc/files/output.log
2022-04-18 23:25:19,824 INFO    Thread-7  :300697 [dir_watcher.py:_on_file_modified():230] file/dir modified: /home/alexzuzow/Desktop/agar_multiagent/wandb/run-20220418_232152-2uv378mc/files/output.log
2022-04-18 23:25:21,824 INFO    Thread-7  :300697 [dir_watcher.py:_on_file_modified():230] file/dir modified: /home/alexzuzow/Desktop/agar_multiagent/wandb/run-20220418_232152-2uv378mc/files/output.log
2022-04-18 23:25:23,825 INFO    Thread-7  :300697 [dir_watcher.py:_on_file_modified():230] file/dir modified: /home/alexzuzow/Desktop/agar_multiagent/wandb/run-20220418_232152-2uv378mc/files/output.log
2022-04-18 23:25:24,668 DEBUG   SenderThread:300697 [sender.py:send():235] send: stats
2022-04-18 23:25:25,826 INFO    Thread-7  :300697 [dir_watcher.py:_on_file_modified():230] file/dir modified: /home/alexzuzow/Desktop/agar_multiagent/wandb/run-20220418_232152-2uv378mc/files/output.log
2022-04-18 23:25:27,827 INFO    Thread-7  :300697 [dir_watcher.py:_on_file_modified():230] file/dir modified: /home/alexzuzow/Desktop/agar_multiagent/wandb/run-20220418_232152-2uv378mc/files/output.log
2022-04-18 23:25:29,828 INFO    Thread-7  :300697 [dir_watcher.py:_on_file_modified():230] file/dir modified: /home/alexzuzow/Desktop/agar_multiagent/wandb/run-20220418_232152-2uv378mc/files/output.log
2022-04-18 23:25:31,829 INFO    Thread-7  :300697 [dir_watcher.py:_on_file_modified():230] file/dir modified: /home/alexzuzow/Desktop/agar_multiagent/wandb/run-20220418_232152-2uv378mc/files/output.log
2022-04-18 23:25:33,830 INFO    Thread-7  :300697 [dir_watcher.py:_on_file_modified():230] file/dir modified: /home/alexzuzow/Desktop/agar_multiagent/wandb/run-20220418_232152-2uv378mc/files/output.log
2022-04-18 23:25:35,830 INFO    Thread-7  :300697 [dir_watcher.py:_on_file_modified():230] file/dir modified: /home/alexzuzow/Desktop/agar_multiagent/wandb/run-20220418_232152-2uv378mc/files/output.log
2022-04-18 23:25:35,949 DEBUG   HandlerThread:300697 [handler.py:handle_request():141] handle_request: stop_status
2022-04-18 23:25:35,949 DEBUG   SenderThread:300697 [sender.py:send_request():249] send_request: stop_status
2022-04-18 23:25:37,831 INFO    Thread-7  :300697 [dir_watcher.py:_on_file_modified():230] file/dir modified: /home/alexzuzow/Desktop/agar_multiagent/wandb/run-20220418_232152-2uv378mc/files/output.log
2022-04-18 23:25:39,832 INFO    Thread-7  :300697 [dir_watcher.py:_on_file_modified():230] file/dir modified: /home/alexzuzow/Desktop/agar_multiagent/wandb/run-20220418_232152-2uv378mc/files/output.log
2022-04-18 23:25:41,833 INFO    Thread-7  :300697 [dir_watcher.py:_on_file_modified():230] file/dir modified: /home/alexzuzow/Desktop/agar_multiagent/wandb/run-20220418_232152-2uv378mc/files/output.log
2022-04-18 23:25:42,793 DEBUG   SenderThread:300697 [sender.py:send():235] send: telemetry
2022-04-18 23:25:43,834 INFO    Thread-7  :300697 [dir_watcher.py:_on_file_modified():230] file/dir modified: /home/alexzuzow/Desktop/agar_multiagent/wandb/run-20220418_232152-2uv378mc/files/output.log
2022-04-18 23:25:44,328 WARNING MainThread:300697 [internal.py:wandb_internal():155] Internal process interrupt: 1
2022-04-18 23:25:46,331 WARNING MainThread:300697 [internal.py:is_dead():387] Internal process exiting, parent pid 300684 disappeared
2022-04-18 23:25:46,331 ERROR   MainThread:300697 [internal.py:wandb_internal():151] Internal process shutdown.
2022-04-18 23:25:46,750 INFO    SenderThread:300697 [sender.py:finish():1107] shutting down sender
2022-04-18 23:25:46,750 INFO    WriterThread:300697 [datastore.py:close():281] close: /home/alexzuzow/Desktop/agar_multiagent/wandb/run-20220418_232152-2uv378mc/run-2uv378mc.wandb
2022-04-18 23:25:46,750 INFO    SenderThread:300697 [dir_watcher.py:finish():283] shutting down directory watcher
2022-04-18 23:25:46,752 INFO    HandlerThread:300697 [handler.py:finish():790] shutting down handler
2022-04-18 23:25:46,835 INFO    SenderThread:300697 [dir_watcher.py:finish():313] scan: /home/alexzuzow/Desktop/agar_multiagent/wandb/run-20220418_232152-2uv378mc/files
2022-04-18 23:25:46,835 INFO    SenderThread:300697 [dir_watcher.py:finish():327] scan save: /home/alexzuzow/Desktop/agar_multiagent/wandb/run-20220418_232152-2uv378mc/files/wandb-metadata.json wandb-metadata.json
2022-04-18 23:25:46,836 INFO    SenderThread:300697 [dir_watcher.py:finish():327] scan save: /home/alexzuzow/Desktop/agar_multiagent/wandb/run-20220418_232152-2uv378mc/files/requirements.txt requirements.txt
2022-04-18 23:25:46,836 INFO    SenderThread:300697 [dir_watcher.py:finish():327] scan save: /home/alexzuzow/Desktop/agar_multiagent/wandb/run-20220418_232152-2uv378mc/files/conda-environment.yaml conda-environment.yaml
2022-04-18 23:25:46,836 INFO    SenderThread:300697 [dir_watcher.py:finish():327] scan save: /home/alexzuzow/Desktop/agar_multiagent/wandb/run-20220418_232152-2uv378mc/files/config.yaml config.yaml
2022-04-18 23:25:46,848 INFO    SenderThread:300697 [dir_watcher.py:finish():327] scan save: /home/alexzuzow/Desktop/agar_multiagent/wandb/run-20220418_232152-2uv378mc/files/wandb-summary.json wandb-summary.json
2022-04-18 23:25:46,854 INFO    SenderThread:300697 [dir_watcher.py:finish():327] scan save: /home/alexzuzow/Desktop/agar_multiagent/wandb/run-20220418_232152-2uv378mc/files/output.log output.log
2022-04-18 23:25:46,854 INFO    SenderThread:300697 [file_pusher.py:finish():145] shutting down file pusher
2022-04-18 23:25:46,855 INFO    SenderThread:300697 [file_pusher.py:join():150] waiting for file pusher
2022-04-18 23:25:47,158 INFO    Thread-14 :300697 [upload_job.py:push():137] Uploaded file /home/alexzuzow/Desktop/agar_multiagent/wandb/run-20220418_232152-2uv378mc/files/config.yaml
2022-04-18 23:25:47,174 INFO    Thread-13 :300697 [upload_job.py:push():137] Uploaded file /home/alexzuzow/Desktop/agar_multiagent/wandb/run-20220418_232152-2uv378mc/files/conda-environment.yaml
2022-04-18 23:25:47,183 INFO    Thread-16 :300697 [upload_job.py:push():137] Uploaded file /home/alexzuzow/Desktop/agar_multiagent/wandb/run-20220418_232152-2uv378mc/files/output.log
2022-04-18 23:25:47,187 INFO    Thread-12 :300697 [upload_job.py:push():137] Uploaded file /home/alexzuzow/Desktop/agar_multiagent/wandb/run-20220418_232152-2uv378mc/files/requirements.txt
2022-04-18 23:25:47,199 INFO    Thread-15 :300697 [upload_job.py:push():137] Uploaded file /home/alexzuzow/Desktop/agar_multiagent/wandb/run-20220418_232152-2uv378mc/files/wandb-summary.json
2022-04-18 23:25:48,636 INFO    MainThread:300697 [internal.py:handle_exit():82] Internal process exited
