2022-04-19 04:44:44,334 INFO    MainThread:17987 [internal.py:wandb_internal():92] W&B internal server running at pid: 17987, started at: 2022-04-19 04:44:44.334503
2022-04-19 04:44:44,337 INFO    WriterThread:17987 [datastore.py:open_for_write():77] open: /home/alexzuzow/Desktop/agar_multiagent/wandb/run-20220419_044443-4pqf48qu/run-4pqf48qu.wandb
2022-04-19 04:44:44,340 DEBUG   SenderThread:17987 [sender.py:send():235] send: header
2022-04-19 04:44:44,340 DEBUG   SenderThread:17987 [sender.py:send():235] send: run
2022-04-19 04:44:45,034 DEBUG   HandlerThread:17987 [handler.py:handle_request():141] handle_request: check_version
2022-04-19 04:44:45,035 INFO    SenderThread:17987 [dir_watcher.py:__init__():169] watching files in: /home/alexzuzow/Desktop/agar_multiagent/wandb/run-20220419_044443-4pqf48qu/files
2022-04-19 04:44:45,035 INFO    SenderThread:17987 [sender.py:_start_run_threads():812] run started: 4pqf48qu with start time 1650361483
2022-04-19 04:44:45,035 DEBUG   SenderThread:17987 [sender.py:send():235] send: summary
2022-04-19 04:44:45,035 INFO    SenderThread:17987 [sender.py:_save_file():947] saving file wandb-summary.json with policy end
2022-04-19 04:44:45,036 DEBUG   SenderThread:17987 [sender.py:send_request():249] send_request: check_version
2022-04-19 04:44:45,103 DEBUG   HandlerThread:17987 [handler.py:handle_request():141] handle_request: run_start
2022-04-19 04:44:45,107 DEBUG   HandlerThread:17987 [meta.py:__init__():37] meta init
2022-04-19 04:44:45,107 DEBUG   HandlerThread:17987 [meta.py:__init__():51] meta init done
2022-04-19 04:44:45,107 DEBUG   HandlerThread:17987 [meta.py:probe():211] probe
2022-04-19 04:44:45,113 DEBUG   HandlerThread:17987 [meta.py:_setup_git():201] setup git
2022-04-19 04:44:45,128 DEBUG   HandlerThread:17987 [meta.py:_setup_git():208] setup git done
2022-04-19 04:44:45,128 DEBUG   HandlerThread:17987 [meta.py:_save_pip():55] save pip
2022-04-19 04:44:45,129 DEBUG   HandlerThread:17987 [meta.py:_save_pip():69] save pip done
2022-04-19 04:44:45,129 DEBUG   HandlerThread:17987 [meta.py:_save_conda():76] save conda
2022-04-19 04:44:46,037 INFO    Thread-7  :17987 [dir_watcher.py:_on_file_created():217] file/dir created: /home/alexzuzow/Desktop/agar_multiagent/wandb/run-20220419_044443-4pqf48qu/files/requirements.txt
2022-04-19 04:44:46,037 INFO    Thread-7  :17987 [dir_watcher.py:_on_file_created():217] file/dir created: /home/alexzuzow/Desktop/agar_multiagent/wandb/run-20220419_044443-4pqf48qu/files/wandb-summary.json
2022-04-19 04:44:46,038 INFO    Thread-7  :17987 [dir_watcher.py:_on_file_created():217] file/dir created: /home/alexzuzow/Desktop/agar_multiagent/wandb/run-20220419_044443-4pqf48qu/files/conda-environment.yaml
2022-04-19 04:44:47,649 DEBUG   HandlerThread:17987 [meta.py:_save_conda():86] save conda done
2022-04-19 04:44:47,649 DEBUG   HandlerThread:17987 [meta.py:probe():249] probe done
2022-04-19 04:44:47,654 DEBUG   SenderThread:17987 [sender.py:send():235] send: files
2022-04-19 04:44:47,655 INFO    SenderThread:17987 [sender.py:_save_file():947] saving file wandb-metadata.json with policy now
2022-04-19 04:44:47,662 DEBUG   HandlerThread:17987 [handler.py:handle_request():141] handle_request: stop_status
2022-04-19 04:44:47,662 DEBUG   SenderThread:17987 [sender.py:send_request():249] send_request: stop_status
2022-04-19 04:44:47,744 DEBUG   SenderThread:17987 [sender.py:send():235] send: telemetry
2022-04-19 04:44:48,014 INFO    Thread-11 :17987 [upload_job.py:push():137] Uploaded file /tmp/tmpy0h6pl9_wandb/3lql95hv-wandb-metadata.json
2022-04-19 04:44:48,036 INFO    Thread-7  :17987 [dir_watcher.py:_on_file_modified():230] file/dir modified: /home/alexzuzow/Desktop/agar_multiagent/wandb/run-20220419_044443-4pqf48qu/files/conda-environment.yaml
2022-04-19 04:44:48,037 INFO    Thread-7  :17987 [dir_watcher.py:_on_file_created():217] file/dir created: /home/alexzuzow/Desktop/agar_multiagent/wandb/run-20220419_044443-4pqf48qu/files/wandb-metadata.json
2022-04-19 04:44:48,037 INFO    Thread-7  :17987 [dir_watcher.py:_on_file_created():217] file/dir created: /home/alexzuzow/Desktop/agar_multiagent/wandb/run-20220419_044443-4pqf48qu/files/output.log
2022-04-19 04:44:50,037 INFO    Thread-7  :17987 [dir_watcher.py:_on_file_modified():230] file/dir modified: /home/alexzuzow/Desktop/agar_multiagent/wandb/run-20220419_044443-4pqf48qu/files/output.log
2022-04-19 04:45:00,041 INFO    Thread-7  :17987 [dir_watcher.py:_on_file_modified():230] file/dir modified: /home/alexzuzow/Desktop/agar_multiagent/wandb/run-20220419_044443-4pqf48qu/files/output.log
2022-04-19 04:45:02,042 INFO    Thread-7  :17987 [dir_watcher.py:_on_file_modified():230] file/dir modified: /home/alexzuzow/Desktop/agar_multiagent/wandb/run-20220419_044443-4pqf48qu/files/output.log
2022-04-19 04:45:02,747 DEBUG   HandlerThread:17987 [handler.py:handle_request():141] handle_request: stop_status
2022-04-19 04:45:02,747 DEBUG   SenderThread:17987 [sender.py:send_request():249] send_request: stop_status
2022-04-19 04:45:04,043 INFO    Thread-7  :17987 [dir_watcher.py:_on_file_modified():230] file/dir modified: /home/alexzuzow/Desktop/agar_multiagent/wandb/run-20220419_044443-4pqf48qu/files/output.log
2022-04-19 04:45:06,043 INFO    Thread-7  :17987 [dir_watcher.py:_on_file_modified():230] file/dir modified: /home/alexzuzow/Desktop/agar_multiagent/wandb/run-20220419_044443-4pqf48qu/files/output.log
2022-04-19 04:45:08,044 INFO    Thread-7  :17987 [dir_watcher.py:_on_file_modified():230] file/dir modified: /home/alexzuzow/Desktop/agar_multiagent/wandb/run-20220419_044443-4pqf48qu/files/output.log
2022-04-19 04:45:10,045 INFO    Thread-7  :17987 [dir_watcher.py:_on_file_modified():230] file/dir modified: /home/alexzuzow/Desktop/agar_multiagent/wandb/run-20220419_044443-4pqf48qu/files/output.log
2022-04-19 04:45:12,046 INFO    Thread-7  :17987 [dir_watcher.py:_on_file_modified():230] file/dir modified: /home/alexzuzow/Desktop/agar_multiagent/wandb/run-20220419_044443-4pqf48qu/files/output.log
2022-04-19 04:45:14,046 INFO    Thread-7  :17987 [dir_watcher.py:_on_file_modified():230] file/dir modified: /home/alexzuzow/Desktop/agar_multiagent/wandb/run-20220419_044443-4pqf48qu/files/output.log
2022-04-19 04:45:16,047 INFO    Thread-7  :17987 [dir_watcher.py:_on_file_modified():230] file/dir modified: /home/alexzuzow/Desktop/agar_multiagent/wandb/run-20220419_044443-4pqf48qu/files/output.log
2022-04-19 04:45:18,047 INFO    Thread-7  :17987 [dir_watcher.py:_on_file_modified():230] file/dir modified: /home/alexzuzow/Desktop/agar_multiagent/wandb/run-20220419_044443-4pqf48qu/files/output.log
2022-04-19 04:45:20,048 INFO    Thread-7  :17987 [dir_watcher.py:_on_file_modified():230] file/dir modified: /home/alexzuzow/Desktop/agar_multiagent/wandb/run-20220419_044443-4pqf48qu/files/output.log
2022-04-19 04:45:22,049 INFO    Thread-7  :17987 [dir_watcher.py:_on_file_modified():230] file/dir modified: /home/alexzuzow/Desktop/agar_multiagent/wandb/run-20220419_044443-4pqf48qu/files/output.log
2022-04-19 04:45:22,747 DEBUG   HandlerThread:17987 [handler.py:handle_request():141] handle_request: stop_status
2022-04-19 04:45:24,050 INFO    Thread-7  :17987 [dir_watcher.py:_on_file_modified():230] file/dir modified: /home/alexzuzow/Desktop/agar_multiagent/wandb/run-20220419_044443-4pqf48qu/files/output.log
2022-04-19 04:45:26,051 INFO    Thread-7  :17987 [dir_watcher.py:_on_file_modified():230] file/dir modified: /home/alexzuzow/Desktop/agar_multiagent/wandb/run-20220419_044443-4pqf48qu/files/output.log
2022-04-19 04:45:28,052 INFO    Thread-7  :17987 [dir_watcher.py:_on_file_modified():230] file/dir modified: /home/alexzuzow/Desktop/agar_multiagent/wandb/run-20220419_044443-4pqf48qu/files/output.log
2022-04-19 04:45:30,053 INFO    Thread-7  :17987 [dir_watcher.py:_on_file_modified():230] file/dir modified: /home/alexzuzow/Desktop/agar_multiagent/wandb/run-20220419_044443-4pqf48qu/files/output.log
2022-04-19 04:45:32,053 INFO    Thread-7  :17987 [dir_watcher.py:_on_file_modified():230] file/dir modified: /home/alexzuzow/Desktop/agar_multiagent/wandb/run-20220419_044443-4pqf48qu/files/output.log
2022-04-19 04:45:34,057 INFO    Thread-7  :17987 [dir_watcher.py:_on_file_modified():230] file/dir modified: /home/alexzuzow/Desktop/agar_multiagent/wandb/run-20220419_044443-4pqf48qu/files/output.log
2022-04-19 04:45:35,983 ERROR   SenderThread:17987 [retry.py:__call__():126] Retry attempt failed:
Traceback (most recent call last):
  File "/home/alexzuzow/anaconda3/envs/myenv/lib/python3.9/site-packages/urllib3/connectionpool.py", line 449, in _make_request
    six.raise_from(e, None)
  File "<string>", line 3, in raise_from
  File "/home/alexzuzow/anaconda3/envs/myenv/lib/python3.9/site-packages/urllib3/connectionpool.py", line 444, in _make_request
    httplib_response = conn.getresponse()
  File "/home/alexzuzow/anaconda3/envs/myenv/lib/python3.9/http/client.py", line 1371, in getresponse
    response.begin()
  File "/home/alexzuzow/anaconda3/envs/myenv/lib/python3.9/http/client.py", line 319, in begin
    version, status, reason = self._read_status()
  File "/home/alexzuzow/anaconda3/envs/myenv/lib/python3.9/http/client.py", line 280, in _read_status
    line = str(self.fp.readline(_MAXLINE + 1), "iso-8859-1")
  File "/home/alexzuzow/anaconda3/envs/myenv/lib/python3.9/socket.py", line 704, in readinto
    return self._sock.recv_into(b)
  File "/home/alexzuzow/anaconda3/envs/myenv/lib/python3.9/ssl.py", line 1241, in recv_into
    return self.read(nbytes, buffer)
  File "/home/alexzuzow/anaconda3/envs/myenv/lib/python3.9/ssl.py", line 1099, in read
    return self._sslobj.read(len, buffer)
socket.timeout: The read operation timed out

During handling of the above exception, another exception occurred:

Traceback (most recent call last):
  File "/home/alexzuzow/anaconda3/envs/myenv/lib/python3.9/site-packages/requests/adapters.py", line 440, in send
    resp = conn.urlopen(
  File "/home/alexzuzow/anaconda3/envs/myenv/lib/python3.9/site-packages/urllib3/connectionpool.py", line 785, in urlopen
    retries = retries.increment(
  File "/home/alexzuzow/anaconda3/envs/myenv/lib/python3.9/site-packages/urllib3/util/retry.py", line 550, in increment
    raise six.reraise(type(error), error, _stacktrace)
  File "/home/alexzuzow/anaconda3/envs/myenv/lib/python3.9/site-packages/urllib3/packages/six.py", line 770, in reraise
    raise value
  File "/home/alexzuzow/anaconda3/envs/myenv/lib/python3.9/site-packages/urllib3/connectionpool.py", line 703, in urlopen
    httplib_response = self._make_request(
  File "/home/alexzuzow/anaconda3/envs/myenv/lib/python3.9/site-packages/urllib3/connectionpool.py", line 451, in _make_request
    self._raise_timeout(err=e, url=url, timeout_value=read_timeout)
  File "/home/alexzuzow/anaconda3/envs/myenv/lib/python3.9/site-packages/urllib3/connectionpool.py", line 340, in _raise_timeout
    raise ReadTimeoutError(
urllib3.exceptions.ReadTimeoutError: HTTPSConnectionPool(host='api.wandb.ai', port=443): Read timed out. (read timeout=10)

During handling of the above exception, another exception occurred:

Traceback (most recent call last):
  File "/home/alexzuzow/anaconda3/envs/myenv/lib/python3.9/site-packages/wandb/sdk/lib/retry.py", line 102, in __call__
    result = self._call_fn(*args, **kwargs)
  File "/home/alexzuzow/anaconda3/envs/myenv/lib/python3.9/site-packages/wandb/sdk/internal/internal_api.py", line 141, in execute
    return self.client.execute(*args, **kwargs)
  File "/home/alexzuzow/anaconda3/envs/myenv/lib/python3.9/site-packages/wandb/vendor/gql-0.2.0/wandb_gql/client.py", line 52, in execute
    result = self._get_result(document, *args, **kwargs)
  File "/home/alexzuzow/anaconda3/envs/myenv/lib/python3.9/site-packages/wandb/vendor/gql-0.2.0/wandb_gql/client.py", line 60, in _get_result
    return self.transport.execute(document, *args, **kwargs)
  File "/home/alexzuzow/anaconda3/envs/myenv/lib/python3.9/site-packages/wandb/vendor/gql-0.2.0/wandb_gql/transport/requests.py", line 38, in execute
    request = requests.post(self.url, **post_args)
  File "/home/alexzuzow/anaconda3/envs/myenv/lib/python3.9/site-packages/requests/api.py", line 117, in post
    return request('post', url, data=data, json=json, **kwargs)
  File "/home/alexzuzow/anaconda3/envs/myenv/lib/python3.9/site-packages/requests/api.py", line 61, in request
    return session.request(method=method, url=url, **kwargs)
  File "/home/alexzuzow/anaconda3/envs/myenv/lib/python3.9/site-packages/requests/sessions.py", line 529, in request
    resp = self.send(prep, **send_kwargs)
  File "/home/alexzuzow/anaconda3/envs/myenv/lib/python3.9/site-packages/requests/sessions.py", line 645, in send
    r = adapter.send(request, **kwargs)
  File "/home/alexzuzow/anaconda3/envs/myenv/lib/python3.9/site-packages/requests/adapters.py", line 532, in send
    raise ReadTimeout(e, request=request)
requests.exceptions.ReadTimeout: HTTPSConnectionPool(host='api.wandb.ai', port=443): Read timed out. (read timeout=10)
2022-04-19 04:45:36,056 INFO    Thread-7  :17987 [dir_watcher.py:_on_file_modified():230] file/dir modified: /home/alexzuzow/Desktop/agar_multiagent/wandb/run-20220419_044443-4pqf48qu/files/output.log
2022-04-19 04:45:38,057 INFO    Thread-7  :17987 [dir_watcher.py:_on_file_modified():230] file/dir modified: /home/alexzuzow/Desktop/agar_multiagent/wandb/run-20220419_044443-4pqf48qu/files/output.log
2022-04-19 04:45:40,058 INFO    Thread-7  :17987 [dir_watcher.py:_on_file_modified():230] file/dir modified: /home/alexzuzow/Desktop/agar_multiagent/wandb/run-20220419_044443-4pqf48qu/files/output.log
2022-04-19 04:45:42,059 INFO    Thread-7  :17987 [dir_watcher.py:_on_file_modified():230] file/dir modified: /home/alexzuzow/Desktop/agar_multiagent/wandb/run-20220419_044443-4pqf48qu/files/output.log
2022-04-19 04:45:42,747 DEBUG   HandlerThread:17987 [handler.py:handle_request():141] handle_request: stop_status
2022-04-19 04:45:44,060 INFO    Thread-7  :17987 [dir_watcher.py:_on_file_modified():230] file/dir modified: /home/alexzuzow/Desktop/agar_multiagent/wandb/run-20220419_044443-4pqf48qu/files/output.log
2022-04-19 04:45:46,060 INFO    Thread-7  :17987 [dir_watcher.py:_on_file_modified():230] file/dir modified: /home/alexzuzow/Desktop/agar_multiagent/wandb/run-20220419_044443-4pqf48qu/files/output.log
2022-04-19 04:45:48,061 INFO    Thread-7  :17987 [dir_watcher.py:_on_file_modified():230] file/dir modified: /home/alexzuzow/Desktop/agar_multiagent/wandb/run-20220419_044443-4pqf48qu/files/output.log
2022-04-19 04:45:50,063 INFO    Thread-7  :17987 [dir_watcher.py:_on_file_modified():230] file/dir modified: /home/alexzuzow/Desktop/agar_multiagent/wandb/run-20220419_044443-4pqf48qu/files/output.log
2022-04-19 04:45:52,064 INFO    Thread-7  :17987 [dir_watcher.py:_on_file_modified():230] file/dir modified: /home/alexzuzow/Desktop/agar_multiagent/wandb/run-20220419_044443-4pqf48qu/files/output.log
2022-04-19 04:45:54,064 INFO    Thread-7  :17987 [dir_watcher.py:_on_file_modified():230] file/dir modified: /home/alexzuzow/Desktop/agar_multiagent/wandb/run-20220419_044443-4pqf48qu/files/output.log
2022-04-19 04:45:56,065 INFO    Thread-7  :17987 [dir_watcher.py:_on_file_modified():230] file/dir modified: /home/alexzuzow/Desktop/agar_multiagent/wandb/run-20220419_044443-4pqf48qu/files/output.log
2022-04-19 04:45:58,066 INFO    Thread-7  :17987 [dir_watcher.py:_on_file_modified():230] file/dir modified: /home/alexzuzow/Desktop/agar_multiagent/wandb/run-20220419_044443-4pqf48qu/files/output.log
2022-04-19 04:46:00,066 INFO    Thread-7  :17987 [dir_watcher.py:_on_file_modified():230] file/dir modified: /home/alexzuzow/Desktop/agar_multiagent/wandb/run-20220419_044443-4pqf48qu/files/output.log
2022-04-19 04:46:02,067 INFO    Thread-7  :17987 [dir_watcher.py:_on_file_modified():230] file/dir modified: /home/alexzuzow/Desktop/agar_multiagent/wandb/run-20220419_044443-4pqf48qu/files/output.log
2022-04-19 04:46:02,748 DEBUG   HandlerThread:17987 [handler.py:handle_request():141] handle_request: stop_status
2022-04-19 04:46:04,068 INFO    Thread-7  :17987 [dir_watcher.py:_on_file_modified():230] file/dir modified: /home/alexzuzow/Desktop/agar_multiagent/wandb/run-20220419_044443-4pqf48qu/files/output.log
2022-04-19 04:46:06,069 INFO    Thread-7  :17987 [dir_watcher.py:_on_file_modified():230] file/dir modified: /home/alexzuzow/Desktop/agar_multiagent/wandb/run-20220419_044443-4pqf48qu/files/output.log
2022-04-19 04:46:08,070 INFO    Thread-7  :17987 [dir_watcher.py:_on_file_modified():230] file/dir modified: /home/alexzuzow/Desktop/agar_multiagent/wandb/run-20220419_044443-4pqf48qu/files/output.log
2022-04-19 04:46:10,071 INFO    Thread-7  :17987 [dir_watcher.py:_on_file_modified():230] file/dir modified: /home/alexzuzow/Desktop/agar_multiagent/wandb/run-20220419_044443-4pqf48qu/files/output.log
2022-04-19 04:46:12,072 INFO    Thread-7  :17987 [dir_watcher.py:_on_file_modified():230] file/dir modified: /home/alexzuzow/Desktop/agar_multiagent/wandb/run-20220419_044443-4pqf48qu/files/output.log
2022-04-19 04:46:14,073 INFO    Thread-7  :17987 [dir_watcher.py:_on_file_modified():230] file/dir modified: /home/alexzuzow/Desktop/agar_multiagent/wandb/run-20220419_044443-4pqf48qu/files/output.log
2022-04-19 04:46:16,074 INFO    Thread-7  :17987 [dir_watcher.py:_on_file_modified():230] file/dir modified: /home/alexzuzow/Desktop/agar_multiagent/wandb/run-20220419_044443-4pqf48qu/files/output.log
2022-04-19 04:46:18,075 INFO    Thread-7  :17987 [dir_watcher.py:_on_file_modified():230] file/dir modified: /home/alexzuzow/Desktop/agar_multiagent/wandb/run-20220419_044443-4pqf48qu/files/output.log
2022-04-19 04:46:20,076 INFO    Thread-7  :17987 [dir_watcher.py:_on_file_modified():230] file/dir modified: /home/alexzuzow/Desktop/agar_multiagent/wandb/run-20220419_044443-4pqf48qu/files/output.log
2022-04-19 04:46:22,748 DEBUG   HandlerThread:17987 [handler.py:handle_request():141] handle_request: stop_status
2022-04-19 04:46:23,077 INFO    Thread-7  :17987 [dir_watcher.py:_on_file_modified():230] file/dir modified: /home/alexzuzow/Desktop/agar_multiagent/wandb/run-20220419_044443-4pqf48qu/files/output.log
2022-04-19 04:46:25,077 INFO    Thread-7  :17987 [dir_watcher.py:_on_file_modified():230] file/dir modified: /home/alexzuzow/Desktop/agar_multiagent/wandb/run-20220419_044443-4pqf48qu/files/output.log
2022-04-19 04:46:27,078 INFO    Thread-7  :17987 [dir_watcher.py:_on_file_modified():230] file/dir modified: /home/alexzuzow/Desktop/agar_multiagent/wandb/run-20220419_044443-4pqf48qu/files/output.log
2022-04-19 04:46:29,079 INFO    Thread-7  :17987 [dir_watcher.py:_on_file_modified():230] file/dir modified: /home/alexzuzow/Desktop/agar_multiagent/wandb/run-20220419_044443-4pqf48qu/files/output.log
2022-04-19 04:46:31,080 INFO    Thread-7  :17987 [dir_watcher.py:_on_file_modified():230] file/dir modified: /home/alexzuzow/Desktop/agar_multiagent/wandb/run-20220419_044443-4pqf48qu/files/output.log
2022-04-19 04:46:33,080 INFO    Thread-7  :17987 [dir_watcher.py:_on_file_modified():230] file/dir modified: /home/alexzuzow/Desktop/agar_multiagent/wandb/run-20220419_044443-4pqf48qu/files/output.log
2022-04-19 04:46:35,081 INFO    Thread-7  :17987 [dir_watcher.py:_on_file_modified():230] file/dir modified: /home/alexzuzow/Desktop/agar_multiagent/wandb/run-20220419_044443-4pqf48qu/files/output.log
2022-04-19 04:46:37,082 INFO    Thread-7  :17987 [dir_watcher.py:_on_file_modified():230] file/dir modified: /home/alexzuzow/Desktop/agar_multiagent/wandb/run-20220419_044443-4pqf48qu/files/output.log
2022-04-19 04:46:39,083 INFO    Thread-7  :17987 [dir_watcher.py:_on_file_modified():230] file/dir modified: /home/alexzuzow/Desktop/agar_multiagent/wandb/run-20220419_044443-4pqf48qu/files/output.log
2022-04-19 04:46:41,084 INFO    Thread-7  :17987 [dir_watcher.py:_on_file_modified():230] file/dir modified: /home/alexzuzow/Desktop/agar_multiagent/wandb/run-20220419_044443-4pqf48qu/files/output.log
2022-04-19 04:46:42,749 DEBUG   HandlerThread:17987 [handler.py:handle_request():141] handle_request: stop_status
2022-04-19 04:46:43,085 INFO    Thread-7  :17987 [dir_watcher.py:_on_file_modified():230] file/dir modified: /home/alexzuzow/Desktop/agar_multiagent/wandb/run-20220419_044443-4pqf48qu/files/output.log
2022-04-19 04:46:45,086 INFO    Thread-7  :17987 [dir_watcher.py:_on_file_modified():230] file/dir modified: /home/alexzuzow/Desktop/agar_multiagent/wandb/run-20220419_044443-4pqf48qu/files/output.log
2022-04-19 04:46:47,087 INFO    Thread-7  :17987 [dir_watcher.py:_on_file_modified():230] file/dir modified: /home/alexzuzow/Desktop/agar_multiagent/wandb/run-20220419_044443-4pqf48qu/files/output.log
2022-04-19 04:46:49,087 INFO    Thread-7  :17987 [dir_watcher.py:_on_file_modified():230] file/dir modified: /home/alexzuzow/Desktop/agar_multiagent/wandb/run-20220419_044443-4pqf48qu/files/output.log
2022-04-19 04:46:51,088 INFO    Thread-7  :17987 [dir_watcher.py:_on_file_modified():230] file/dir modified: /home/alexzuzow/Desktop/agar_multiagent/wandb/run-20220419_044443-4pqf48qu/files/output.log
2022-04-19 04:46:53,089 INFO    Thread-7  :17987 [dir_watcher.py:_on_file_modified():230] file/dir modified: /home/alexzuzow/Desktop/agar_multiagent/wandb/run-20220419_044443-4pqf48qu/files/output.log
2022-04-19 04:46:55,090 INFO    Thread-7  :17987 [dir_watcher.py:_on_file_modified():230] file/dir modified: /home/alexzuzow/Desktop/agar_multiagent/wandb/run-20220419_044443-4pqf48qu/files/output.log
2022-04-19 04:46:57,091 INFO    Thread-7  :17987 [dir_watcher.py:_on_file_modified():230] file/dir modified: /home/alexzuzow/Desktop/agar_multiagent/wandb/run-20220419_044443-4pqf48qu/files/output.log
2022-04-19 04:46:59,091 INFO    Thread-7  :17987 [dir_watcher.py:_on_file_modified():230] file/dir modified: /home/alexzuzow/Desktop/agar_multiagent/wandb/run-20220419_044443-4pqf48qu/files/output.log
2022-04-19 04:47:01,093 INFO    Thread-7  :17987 [dir_watcher.py:_on_file_modified():230] file/dir modified: /home/alexzuzow/Desktop/agar_multiagent/wandb/run-20220419_044443-4pqf48qu/files/output.log
2022-04-19 04:47:01,907 WARNING MainThread:17987 [internal.py:wandb_internal():155] Internal process interrupt: 1
2022-04-19 04:47:02,093 INFO    Thread-7  :17987 [dir_watcher.py:_on_file_modified():230] file/dir modified: /home/alexzuzow/Desktop/agar_multiagent/wandb/run-20220419_044443-4pqf48qu/files/output.log
2022-04-19 04:47:09,914 WARNING MainThread:17987 [internal.py:is_dead():387] Internal process exiting, parent pid 17975 disappeared
2022-04-19 04:47:09,915 ERROR   MainThread:17987 [internal.py:wandb_internal():151] Internal process shutdown.
2022-04-19 04:47:10,828 INFO    WriterThread:17987 [datastore.py:close():281] close: /home/alexzuzow/Desktop/agar_multiagent/wandb/run-20220419_044443-4pqf48qu/run-4pqf48qu.wandb
2022-04-19 04:47:10,836 INFO    HandlerThread:17987 [handler.py:finish():790] shutting down handler
2022-04-19 04:47:12,798 INFO    SenderThread:17987 [sender.py:finish():1107] shutting down sender
2022-04-19 04:47:12,799 INFO    SenderThread:17987 [dir_watcher.py:finish():283] shutting down directory watcher
2022-04-19 04:47:13,096 INFO    SenderThread:17987 [dir_watcher.py:finish():313] scan: /home/alexzuzow/Desktop/agar_multiagent/wandb/run-20220419_044443-4pqf48qu/files
2022-04-19 04:47:13,096 INFO    SenderThread:17987 [dir_watcher.py:finish():327] scan save: /home/alexzuzow/Desktop/agar_multiagent/wandb/run-20220419_044443-4pqf48qu/files/wandb-metadata.json wandb-metadata.json
2022-04-19 04:47:13,096 INFO    SenderThread:17987 [dir_watcher.py:finish():327] scan save: /home/alexzuzow/Desktop/agar_multiagent/wandb/run-20220419_044443-4pqf48qu/files/requirements.txt requirements.txt
2022-04-19 04:47:13,096 INFO    SenderThread:17987 [dir_watcher.py:finish():327] scan save: /home/alexzuzow/Desktop/agar_multiagent/wandb/run-20220419_044443-4pqf48qu/files/conda-environment.yaml conda-environment.yaml
2022-04-19 04:47:13,100 INFO    SenderThread:17987 [dir_watcher.py:finish():327] scan save: /home/alexzuzow/Desktop/agar_multiagent/wandb/run-20220419_044443-4pqf48qu/files/config.yaml config.yaml
2022-04-19 04:47:13,101 INFO    SenderThread:17987 [dir_watcher.py:finish():327] scan save: /home/alexzuzow/Desktop/agar_multiagent/wandb/run-20220419_044443-4pqf48qu/files/wandb-summary.json wandb-summary.json
2022-04-19 04:47:13,112 INFO    SenderThread:17987 [dir_watcher.py:finish():327] scan save: /home/alexzuzow/Desktop/agar_multiagent/wandb/run-20220419_044443-4pqf48qu/files/output.log output.log
2022-04-19 04:47:13,112 INFO    SenderThread:17987 [file_pusher.py:finish():145] shutting down file pusher
2022-04-19 04:47:13,112 INFO    SenderThread:17987 [file_pusher.py:join():150] waiting for file pusher
2022-04-19 04:47:13,469 INFO    Thread-15 :17987 [upload_job.py:push():137] Uploaded file /home/alexzuzow/Desktop/agar_multiagent/wandb/run-20220419_044443-4pqf48qu/files/wandb-summary.json
2022-04-19 04:47:13,474 INFO    Thread-13 :17987 [upload_job.py:push():137] Uploaded file /home/alexzuzow/Desktop/agar_multiagent/wandb/run-20220419_044443-4pqf48qu/files/conda-environment.yaml
2022-04-19 04:47:13,512 INFO    Thread-16 :17987 [upload_job.py:push():137] Uploaded file /home/alexzuzow/Desktop/agar_multiagent/wandb/run-20220419_044443-4pqf48qu/files/output.log
2022-04-19 04:47:13,817 INFO    Thread-12 :17987 [upload_job.py:push():137] Uploaded file /home/alexzuzow/Desktop/agar_multiagent/wandb/run-20220419_044443-4pqf48qu/files/requirements.txt
2022-04-19 04:47:16,592 INFO    Thread-14 :17987 [upload_job.py:push():137] Uploaded file /home/alexzuzow/Desktop/agar_multiagent/wandb/run-20220419_044443-4pqf48qu/files/config.yaml
2022-04-19 04:47:17,277 INFO    MainThread:17987 [internal.py:handle_exit():82] Internal process exited
